<?xml version="1.0" encoding="UTF-8"?>
<!-- Generated by org.testng.reporters.JUnitReportReporter -->
<testsuite skipped="1" hostname="DESKTOP-4LPEL34" name="testCases.LoginPageTest" tests="3" failures="0" timestamp="18 Aug 2019 06:16:26 GMT" time="90.703" errors="0">
  <testcase name="VerifywithinValidCredentials" time="45.920" classname="testCases.LoginPageTest"/>
  <testcase name="VerifywithinValidCredentials" time="44.783" classname="testCases.LoginPageTest"/>
  <testcase name="VerifywithValidCredentials" classname="testCases.LoginPageTest">
    <skipped/>
  </testcase> <!-- VerifywithValidCredentials -->
</testsuite> <!-- testCases.LoginPageTest -->
