<?xml version="1.0" encoding="UTF-8"?>
<!-- Generated by org.testng.reporters.JUnitReportReporter -->
<testsuite skipped="0" hostname="DESKTOP-4LPEL34" name="Pages.LoginPage" tests="1" failures="0" timestamp="03 Aug 2019 15:09:08 GMT" time="0.024" errors="0">
  <testcase name="login" time="0.024" classname="Pages.LoginPage"/>
</testsuite> <!-- Pages.LoginPage -->
