<?xml version="1.0" encoding="UTF-8"?>
<!-- Generated by org.testng.reporters.JUnitReportReporter -->
<testsuite skipped="1" hostname="DESKTOP-RUAD0RO" name="testCases.LoginPageTest" tests="3" failures="0" timestamp="17 Oct 2019 16:39:17 GMT" time="77.941" errors="0">
  <testcase name="VerifywithValidCredentials" time="40.586" classname="testCases.LoginPageTest"/>
  <testcase name="VerifywithValidCredentials" time="37.355" classname="testCases.LoginPageTest"/>
  <testcase name="VerifywithinValidCredentials" classname="testCases.LoginPageTest">
    <skipped/>
  </testcase> <!-- VerifywithinValidCredentials -->
</testsuite> <!-- testCases.LoginPageTest -->
